<?xml version="1.0" encoding="UTF-8"?>
<!-- Generated by org.testng.reporters.JUnitXMLReporter -->
<testsuite ignored="2" hostname="Gouri" failures="0" tests="0" time="0.012" errors="0" timestamp="2023-06-25T12:24:14 IST">
  <testcase classname="AppiumFrameworkDesign.eCommerce_TC_01" name="formFillPositive" time="0.0">
    <ignored/>
  </testcase> <!-- formFillPositive -->
  <testcase classname="AppiumFrameworkDesign.eCommerce_TC_01" name="formFillErrorMessage" time="0.0">
    <ignored/>
  </testcase> <!-- formFillErrorMessage -->
</testsuite>
