<?xml version="1.0" encoding="UTF-8"?>
<testsuite xmlns:xsi="http://www.w3.org/2001/XMLSchema-instance" xsi:noNamespaceSchemaLocation="https://maven.apache.org/surefire/maven-surefire-plugin/xsd/surefire-test-report-3.0.xsd" version="3.0" name="TestSuite" time="136.608" tests="7" errors="0" skipped="3" failures="4">
  <properties>
[...]
</properties>
  <testcase name="serverStart" classname="AppiumFrameworkDesign.eCommerce_TC_01" time="84.891">
    <failure message="Could not start a new session. Response code 500. Message: An unknown server-side error occurred while processing the command. Original error: Cannot start the &apos;com.androidsample.generalstore&apos; application. Consider checking the driver&apos;s troubleshooting documentation. Original error: &apos;com.androidsample.generalstore.SplashActivity&apos; or &apos;com.androidsample.generalstore.com.androidsample.generalstore.SplashActivity&apos; never started. Consider checking the driver&apos;s troubleshooting documentation. &#10;Host info: host: &apos;GOURI&apos;, ip: &apos;10.0.0.4&apos;&#10;Build info: version: &apos;4.10.0&apos;, revision: &apos;c14d967899&apos;&#10;System info: os.name: &apos;Windows 10&apos;, os.arch: &apos;amd64&apos;, os.version: &apos;10.0&apos;, java.version: &apos;11.0.13&apos;&#10;Driver info: io.appium.java_client.android.AndroidDriver&#10;Command: [null, newSession {capabilities=[{appium:chromedriverExecutable=C:\Appium\driver\chromedriver_91.4\chromedriver.exe, appium:deviceName=ArkavEmulator, platformName=ANDROID, appium:automationName=UIAutomator2, appium:app=C:\Selenium\PROG3\AppiumFrameworkDesign_ERep_Maven\src\test\java\AppiumFrameworkDesign\testData\General-Store.apk}], desiredCapabilities=Capabilities {appium:app: C:\Selenium\PROG3\AppiumFra..., appium:automationName: UIAutomator2, appium:chromedriverExecutable: C:\Appium\driver\chromedriv..., appium:deviceName: ArkavEmulator, platformName: ANDROID}}]&#10;Capabilities {appium:app: C:\Selenium\PROG3\AppiumFra..., appium:automationName: UIAutomator2, appium:chromedriverExecutable: C:\Appium\driver\chromedriv..., appium:deviceName: ArkavEmulator, platformName: ANDROID}" type="org.openqa.selenium.SessionNotCreatedException">org.openqa.selenium.SessionNotCreatedException: 
Could not start a new session. Response code 500. Message: An unknown server-side error occurred while processing the command. Original error: Cannot start the 'com.androidsample.generalstore' application. Consider checking the driver's troubleshooting documentation. Original error: 'com.androidsample.generalstore.SplashActivity' or 'com.androidsample.generalstore.com.androidsample.generalstore.SplashActivity' never started. Consider checking the driver's troubleshooting documentation. 
Host info: host: 'GOURI', ip: '10.0.0.4'
Build info: version: '4.10.0', revision: 'c14d967899'
System info: os.name: 'Windows 10', os.arch: 'amd64', os.version: '10.0', java.version: '11.0.13'
Driver info: io.appium.java_client.android.AndroidDriver
Command: [null, newSession {capabilities=[{appium:chromedriverExecutable=C:\Appium\driver\chromedriver_91.4\chromedriver.exe, appium:deviceName=ArkavEmulator, platformName=ANDROID, appium:automationName=UIAutomator2, appium:app=C:\Selenium\PROG3\AppiumFrameworkDesign_ERep_Maven\src\test\java\AppiumFrameworkDesign\testData\General-Store.apk}], desiredCapabilities=Capabilities {appium:app: C:\Selenium\PROG3\AppiumFra..., appium:automationName: UIAutomator2, appium:chromedriverExecutable: C:\Appium\driver\chromedriv..., appium:deviceName: ArkavEmulator, platformName: ANDROID}}]
Capabilities {appium:app: C:\Selenium\PROG3\AppiumFra..., appium:automationName: UIAutomator2, appium:chromedriverExecutable: C:\Appium\driver\chromedriv..., appium:deviceName: ArkavEmulator, platformName: ANDROID}
</failure>
    <system-out><![CDATA[&amp#27;[35m[Appium]&amp#27;[39m Welcome to Appium v2.0.0-rc.2
&amp#27;[35m[Appium]&amp#27;[39m Non-default server args:
&amp#27;[35m[Appium]&amp#27;[39m { address: &amp#27;[32m'127.0.0.1'&amp#27;[39m }
&amp#27;[35m[Appium]&amp#27;[39m Attempting to load driver uiautomator2...
[debug] &amp#27;[35m[Appium]&amp#27;[39m Requiring driver at C:\Users\arkav\.appium\node_modules\appium-uiautomator2-driver
&amp#27;[35m[Appium]&amp#27;[39m Attempting to load driver xcuitest...
[debug] &amp#27;[35m[Appium]&amp#27;[39m Requiring driver at C:\Users\arkav\.appium\node_modules\appium-xcuitest-driver
&amp#27;[35m[Appium]&amp#27;[39m Appium REST http interface listener started on http://127.0.0.1:4723
&amp#27;[35m[Appium]&amp#27;[39m Available drivers:
&amp#27;[35m[Appium]&amp#27;[39m   - uiautomator2@2.26.1 (automationName 'UiAutomator2')
&amp#27;[35m[Appium]&amp#27;[39m   - xcuitest@4.32.2 (automationName 'XCUITest')
&amp#27;[35m[Appium]&amp#27;[39m No plugins have been installed. Use the "appium plugin" command to install the one(s) you want to use.
]]></system-out>
    <system-err><![CDATA[SLF4J: Failed to load class "org.slf4j.impl.StaticLoggerBinder".
SLF4J: Defaulting to no-operation (NOP) logger implementation
SLF4J: See http://www.slf4j.org/codes.html#StaticLoggerBinder for further details.
]]></system-err>
  </testcase>
  <testcase name="formFillErrorMessage" classname="AppiumFrameworkDesign.eCommerce_TC_01" time="0">
    <skipped message="Could not start a new session. Response code 500. Message: An unknown server-side error occurred while processing the command. Original error: Cannot start the &apos;com.androidsample.generalstore&apos; application. Consider checking the driver&apos;s troubleshooting documentation. Original error: &apos;com.androidsample.generalstore.SplashActivity&apos; or &apos;com.androidsample.generalstore.com.androidsample.generalstore.SplashActivity&apos; never started. Consider checking the driver&apos;s troubleshooting documentation. &#10;Host info: host: &apos;GOURI&apos;, ip: &apos;10.0.0.4&apos;&#10;Build info: version: &apos;4.10.0&apos;, revision: &apos;c14d967899&apos;&#10;System info: os.name: &apos;Windows 10&apos;, os.arch: &apos;amd64&apos;, os.version: &apos;10.0&apos;, java.version: &apos;11.0.13&apos;&#10;Driver info: io.appium.java_client.android.AndroidDriver&#10;Command: [null, newSession {capabilities=[{appium:chromedriverExecutable=C:\Appium\driver\chromedriver_91.4\chromedriver.exe, appium:deviceName=ArkavEmulator, platformName=ANDROID, appium:automationName=UIAutomator2, appium:app=C:\Selenium\PROG3\AppiumFrameworkDesign_ERep_Maven\src\test\java\AppiumFrameworkDesign\testData\General-Store.apk}], desiredCapabilities=Capabilities {appium:app: C:\Selenium\PROG3\AppiumFra..., appium:automationName: UIAutomator2, appium:chromedriverExecutable: C:\Appium\driver\chromedriv..., appium:deviceName: ArkavEmulator, platformName: ANDROID}}]&#10;Capabilities {appium:app: C:\Selenium\PROG3\AppiumFra..., appium:automationName: UIAutomator2, appium:chromedriverExecutable: C:\Appium\driver\chromedriv..., appium:deviceName: ArkavEmulator, platformName: ANDROID}"/>
  </testcase>
  <testcase name="formFillPositive" classname="AppiumFrameworkDesign.eCommerce_TC_01" time="0">
    <skipped message="Could not start a new session. Response code 500. Message: An unknown server-side error occurred while processing the command. Original error: Cannot start the &apos;com.androidsample.generalstore&apos; application. Consider checking the driver&apos;s troubleshooting documentation. Original error: &apos;com.androidsample.generalstore.SplashActivity&apos; or &apos;com.androidsample.generalstore.com.androidsample.generalstore.SplashActivity&apos; never started. Consider checking the driver&apos;s troubleshooting documentation. &#10;Host info: host: &apos;GOURI&apos;, ip: &apos;10.0.0.4&apos;&#10;Build info: version: &apos;4.10.0&apos;, revision: &apos;c14d967899&apos;&#10;System info: os.name: &apos;Windows 10&apos;, os.arch: &apos;amd64&apos;, os.version: &apos;10.0&apos;, java.version: &apos;11.0.13&apos;&#10;Driver info: io.appium.java_client.android.AndroidDriver&#10;Command: [null, newSession {capabilities=[{appium:chromedriverExecutable=C:\Appium\driver\chromedriver_91.4\chromedriver.exe, appium:deviceName=ArkavEmulator, platformName=ANDROID, appium:automationName=UIAutomator2, appium:app=C:\Selenium\PROG3\AppiumFrameworkDesign_ERep_Maven\src\test\java\AppiumFrameworkDesign\testData\General-Store.apk}], desiredCapabilities=Capabilities {appium:app: C:\Selenium\PROG3\AppiumFra..., appium:automationName: UIAutomator2, appium:chromedriverExecutable: C:\Appium\driver\chromedriv..., appium:deviceName: ArkavEmulator, platformName: ANDROID}}]&#10;Capabilities {appium:app: C:\Selenium\PROG3\AppiumFra..., appium:automationName: UIAutomator2, appium:chromedriverExecutable: C:\Appium\driver\chromedriv..., appium:deviceName: ArkavEmulator, platformName: ANDROID}"/>
  </testcase>
  <testcase name="serverStop" classname="AppiumFrameworkDesign.eCommerce_TC_01" time="0">
    <failure type="java.lang.NullPointerException">java.lang.NullPointerException
</failure>
  </testcase>
  <testcase name="serverStart" classname="AppiumFrameworkDesign.eCommerce_TC_4" time="48.312">
    <failure message="Could not start a new session. Response code 500. Message: An unknown server-side error occurred while processing the command. Original error: The instrumentation process cannot be initialized within 30000ms timeout. Make sure the application under test does not crash and investigate the logcat output. You could also try to increase the value of &apos;uiautomator2ServerLaunchTimeout&apos; capability &#10;Host info: host: &apos;GOURI&apos;, ip: &apos;10.0.0.4&apos;&#10;Build info: version: &apos;4.10.0&apos;, revision: &apos;c14d967899&apos;&#10;System info: os.name: &apos;Windows 10&apos;, os.arch: &apos;amd64&apos;, os.version: &apos;10.0&apos;, java.version: &apos;11.0.13&apos;&#10;Driver info: io.appium.java_client.android.AndroidDriver&#10;Command: [null, newSession {capabilities=[{appium:chromedriverExecutable=C:\Appium\driver\chromedriver_91.4\chromedriver.exe, appium:deviceName=ArkavEmulator, platformName=ANDROID, appium:automationName=UIAutomator2, appium:app=C:\Selenium\PROG3\AppiumFrameworkDesign_ERep_Maven\src\test\java\AppiumFrameworkDesign\testData\General-Store.apk}], desiredCapabilities=Capabilities {appium:app: C:\Selenium\PROG3\AppiumFra..., appium:automationName: UIAutomator2, appium:chromedriverExecutable: C:\Appium\driver\chromedriv..., appium:deviceName: ArkavEmulator, platformName: ANDROID}}]&#10;Capabilities {appium:app: C:\Selenium\PROG3\AppiumFra..., appium:automationName: UIAutomator2, appium:chromedriverExecutable: C:\Appium\driver\chromedriv..., appium:deviceName: ArkavEmulator, platformName: ANDROID}" type="org.openqa.selenium.SessionNotCreatedException">org.openqa.selenium.SessionNotCreatedException: 
Could not start a new session. Response code 500. Message: An unknown server-side error occurred while processing the command. Original error: The instrumentation process cannot be initialized within 30000ms timeout. Make sure the application under test does not crash and investigate the logcat output. You could also try to increase the value of 'uiautomator2ServerLaunchTimeout' capability 
Host info: host: 'GOURI', ip: '10.0.0.4'
Build info: version: '4.10.0', revision: 'c14d967899'
System info: os.name: 'Windows 10', os.arch: 'amd64', os.version: '10.0', java.version: '11.0.13'
Driver info: io.appium.java_client.android.AndroidDriver
Command: [null, newSession {capabilities=[{appium:chromedriverExecutable=C:\Appium\driver\chromedriver_91.4\chromedriver.exe, appium:deviceName=ArkavEmulator, platformName=ANDROID, appium:automationName=UIAutomator2, appium:app=C:\Selenium\PROG3\AppiumFrameworkDesign_ERep_Maven\src\test\java\AppiumFrameworkDesign\testData\General-Store.apk}], desiredCapabilities=Capabilities {appium:app: C:\Selenium\PROG3\AppiumFra..., appium:automationName: UIAutomator2, appium:chromedriverExecutable: C:\Appium\driver\chromedriv..., appium:deviceName: ArkavEmulator, platformName: ANDROID}}]
Capabilities {appium:app: C:\Selenium\PROG3\AppiumFra..., appium:automationName: UIAutomator2, appium:chromedriverExecutable: C:\Appium\driver\chromedriv..., appium:deviceName: ArkavEmulator, platformName: ANDROID}
</failure>
    <system-out><![CDATA[&amp#27;[38;5;0m[HTTP]&amp#27;[0m &amp#27;[37m-->&amp#27;[39m &amp#27;[37mGET&amp#27;[39m &amp#27;[37m/status&amp#27;[39m
&amp#27;[38;5;0m[HTTP]&amp#27;[0m &amp#27;[90m{}&amp#27;[39m
[debug] &amp#27;[38;5;16m[AppiumDriver@2d58]&amp#27;[0m Calling AppiumDriver.getStatus() with args: []
[debug] &amp#27;[38;5;16m[AppiumDriver@2d58]&amp#27;[0m Responding to client with driver.getStatus() result: {"build":{"version":"2.0.0-rc.2"}}
&amp#27;[38;5;0m[HTTP]&amp#27;[0m &amp#27;[37m<-- GET /status &amp#27;[39m&amp#27;[32m200&amp#27;[39m &amp#27;[90m45 ms - 44&amp#27;[39m
&amp#27;[38;5;0m[HTTP]&amp#27;[0m &amp#27;[90m&amp#27;[39m
&amp#27;[35m[Appium]&amp#27;[39m Welcome to Appium v2.0.0-rc.2
&amp#27;[35m[Appium]&amp#27;[39m Non-default server args:
&amp#27;[35m[Appium]&amp#27;[39m { address: &amp#27;[32m'127.0.0.1'&amp#27;[39m }
&amp#27;[35m[Appium]&amp#27;[39m Attempting to load driver uiautomator2...
[debug] &amp#27;[35m[Appium]&amp#27;[39m Requiring driver at C:\Users\arkav\.appium\node_modules\appium-uiautomator2-driver
&amp#27;[35m[Appium]&amp#27;[39m Attempting to load driver xcuitest...
[debug] &amp#27;[35m[Appium]&amp#27;[39m Requiring driver at C:\Users\arkav\.appium\node_modules\appium-xcuitest-driver
]]></system-out>
  </testcase>
  <testcase name="formFill" classname="AppiumFrameworkDesign.eCommerce_TC_4" time="0">
    <skipped message="Could not start a new session. Response code 500. Message: An unknown server-side error occurred while processing the command. Original error: The instrumentation process cannot be initialized within 30000ms timeout. Make sure the application under test does not crash and investigate the logcat output. You could also try to increase the value of &apos;uiautomator2ServerLaunchTimeout&apos; capability &#10;Host info: host: &apos;GOURI&apos;, ip: &apos;10.0.0.4&apos;&#10;Build info: version: &apos;4.10.0&apos;, revision: &apos;c14d967899&apos;&#10;System info: os.name: &apos;Windows 10&apos;, os.arch: &apos;amd64&apos;, os.version: &apos;10.0&apos;, java.version: &apos;11.0.13&apos;&#10;Driver info: io.appium.java_client.android.AndroidDriver&#10;Command: [null, newSession {capabilities=[{appium:chromedriverExecutable=C:\Appium\driver\chromedriver_91.4\chromedriver.exe, appium:deviceName=ArkavEmulator, platformName=ANDROID, appium:automationName=UIAutomator2, appium:app=C:\Selenium\PROG3\AppiumFrameworkDesign_ERep_Maven\src\test\java\AppiumFrameworkDesign\testData\General-Store.apk}], desiredCapabilities=Capabilities {appium:app: C:\Selenium\PROG3\AppiumFra..., appium:automationName: UIAutomator2, appium:chromedriverExecutable: C:\Appium\driver\chromedriv..., appium:deviceName: ArkavEmulator, platformName: ANDROID}}]&#10;Capabilities {appium:app: C:\Selenium\PROG3\AppiumFra..., appium:automationName: UIAutomator2, appium:chromedriverExecutable: C:\Appium\driver\chromedriv..., appium:deviceName: ArkavEmulator, platformName: ANDROID}"/>
    <system-out><![CDATA[&amp#27;[38;5;0m[HTTP]&amp#27;[0m Could not start REST http interface listener. The requested port may already be in use. Please make sure there is no other instance of this server running already.
&amp#27;[35m[Appium]&amp#27;[39m Coul[d not codebug] &amp#27;[35m[Appium]&amp#27;[nfi39m Error: listen EADDRINUSE: addrgure Appium server. It's possible that a driver or plugin tried tess already in use 127.0.0.1:4723o update the server and fail
ed.[debug] &amp#27;[3 Original e5m[Appium]&amp#27;[39m     atrror: listen EADDRINU Server.setupListenHandSE: adle [adress als _lisready in use 127.0.0ten.1:4723
2] (node:net:1740:16)
[debug] &amp#27;[35m[Appium]&amp#27;[39m     at listenInCluster (node:net:1788:12)
[debug] &amp#27;[35m[Appium]&amp#27;[39m     at doListen (node:net:1937:7)
[debug] &amp#27;[35m[Appium]&amp#27;[39m     at processTicksAndRejections (node:internal/process/task_queues:83:21)
]]></system-out>
  </testcase>
  <testcase name="serverStop" classname="AppiumFrameworkDesign.eCommerce_TC_4" time="0.026">
    <failure type="java.lang.NullPointerException">java.lang.NullPointerException
</failure>
  </testcase>
</testsuite>