<?xml version="1.0" encoding="UTF-8"?>
<testng-results ignored="2" total="3" passed="1" failed="0" skipped="0">
  <reporter-output>
  </reporter-output>
  <suite started-at="2023-06-25T12:24:13 IST" name="Suite" finished-at="2023-06-25T12:25:37 IST" duration-ms="84052">
    <groups>
      <group name="Smoke">
        <method signature="eCommerce_TC_4.formFill(java.util.HashMap)[pri:0, instance:AppiumFrameworkDesign.eCommerce_TC_4@77825085]" name="formFill" class="AppiumFrameworkDesign.eCommerce_TC_4"/>
      </group> <!-- Smoke -->
    </groups>
    <test started-at="2023-06-25T12:24:13 IST" name="End2End" finished-at="2023-06-25T12:24:13 IST" duration-ms="12">
    </test> <!-- End2End -->
    <test started-at="2023-06-25T12:24:14 IST" name="ErrorValidation" finished-at="2023-06-25T12:25:37 IST" duration-ms="83555">
      <class name="AppiumFrameworkDesign.eCommerce_TC_4">
        <test-method is-config="true" signature="serverStart()[pri:0, instance:AppiumFrameworkDesign.eCommerce_TC_4@77825085]" started-at="2023-06-25T12:24:14 IST" name="serverStart" finished-at="2023-06-25T12:24:50 IST" duration-ms="36168" status="PASS">
          <reporter-output>
          </reporter-output>
        </test-method> <!-- serverStart -->
        <test-method signature="formFill(java.util.HashMap)[pri:0, instance:AppiumFrameworkDesign.eCommerce_TC_4@77825085]" started-at="2023-06-25T12:24:50 IST" name="formFill" data-provider="getData" finished-at="2023-06-25T12:25:36 IST" duration-ms="45824" status="PASS">
          <params>
            <param index="0">
              <value>
                <![CDATA[{name=Arkav, country=Bhutan, gender=male}]]>
              </value>
            </param>
          </params>
          <reporter-output>
          </reporter-output>
        </test-method> <!-- formFill -->
        <test-method is-config="true" signature="serverStop()[pri:0, instance:AppiumFrameworkDesign.eCommerce_TC_4@77825085]" started-at="2023-06-25T12:25:36 IST" name="serverStop" finished-at="2023-06-25T12:25:37 IST" duration-ms="1001" status="PASS">
          <reporter-output>
          </reporter-output>
        </test-method> <!-- serverStop -->
      </class> <!-- AppiumFrameworkDesign.eCommerce_TC_4 -->
    </test> <!-- ErrorValidation -->
  </suite> <!-- Suite -->
</testng-results>
